# JRE version: OpenJDK Runtime Environment (8.0_152-b01) (build 1.8.0_152-release-1343-b01)
# Java VM: OpenJDK 64-Bit Server VM (25.152-b01 mixed mode windows-amd64 compressed oops)
Heap:
 PSYoungGen      total 263168K, used 29926K [0x00000000e0000000, 0x00000000f4e80000, 0x0000000100000000)
  eden space 228352K, 13% used [0x00000000e0000000,0x00000000e1d39a18,0x00000000edf00000)
  from space 34816K, 0% used [0x00000000f0c80000,0x00000000f0c80000,0x00000000f2e80000)
  to   space 46592K, 0% used [0x00000000edf00000,0x00000000edf00000,0x00000000f0c80000)
 ParOldGen       total 207360K, used 75178K [0x00000000a0000000, 0x00000000aca80000, 0x00000000e0000000)
  object space 207360K, 36% used [0x00000000a0000000,0x00000000a496aaf0,0x00000000aca80000)
 Metaspace       used 94807K, capacity 98780K, committed 99112K, reserved 1134592K
  class space    used 12591K, capacity 13399K, committed 13488K, reserved 1048576K
GC Heap History (10 events):
Event: 15.624 GC heap before
{Heap before GC invocations=12 (full 3):
 PSYoungGen      total 217600K, used 199168K [0x00000000e0000000, 0x00000000eef00000, 0x0000000100000000)
  eden space 199168K, 100% used [0x00000000e0000000,0x00000000ec280000,0x00000000ec280000)
  from space 18432K, 0% used [0x00000000ed780000,0x00000000ed780000,0x00000000ee980000)
  to   space 21504K, 0% used [0x00000000ec280000,0x00000000ec280000,0x00000000ed780000)
 ParOldGen       total 207360K, used 33679K [0x00000000a0000000, 0x00000000aca80000, 0x00000000e0000000)
  object space 207360K, 16% used [0x00000000a0000000,0x00000000a20e3dc0,0x00000000aca80000)
 Metaspace       used 63386K, capacity 65466K, committed 65688K, reserved 1105920K
  class space    used 8608K, capacity 9060K, committed 9136K, reserved 1048576K
Event: 15.653 GC heap after
Heap after GC invocations=12 (full 3):
 PSYoungGen      total 220672K, used 15792K [0x00000000e0000000, 0x00000000f0880000, 0x0000000100000000)
  eden space 199168K, 0% used [0x00000000e0000000,0x00000000e0000000,0x00000000ec280000)
  from space 21504K, 73% used [0x00000000ec280000,0x00000000ed1ec348,0x00000000ed780000)
  to   space 22016K, 0% used [0x00000000ef300000,0x00000000ef300000,0x00000000f0880000)
 ParOldGen       total 207360K, used 33687K [0x00000000a0000000, 0x00000000aca80000, 0x00000000e0000000)
  object space 207360K, 16% used [0x00000000a0000000,0x00000000a20e5dc0,0x00000000aca80000)
 Metaspace       used 63386K, capacity 65466K, committed 65688K, reserved 1105920K
  class space    used 8608K, capacity 9060K, committed 9136K, reserved 1048576K
}
Event: 48.761 GC heap before
{Heap before GC invocations=13 (full 3):
 PSYoungGen      total 220672K, used 214960K [0x00000000e0000000, 0x00000000f0880000, 0x0000000100000000)
  eden space 199168K, 100% used [0x00000000e0000000,0x00000000ec280000,0x00000000ec280000)
  from space 21504K, 73% used [0x00000000ec280000,0x00000000ed1ec348,0x00000000ed780000)
  to   space 22016K, 0% used [0x00000000ef300000,0x00000000ef300000,0x00000000f0880000)
 ParOldGen       total 207360K, used 33687K [0x00000000a0000000, 0x00000000aca80000, 0x00000000e0000000)
  object space 207360K, 16% used [0x00000000a0000000,0x00000000a20e5dc0,0x00000000aca80000)
 Metaspace       used 67658K, capacity 69988K, committed 70168K, reserved 1110016K
  class space    used 8938K, capacity 9441K, committed 9520K, reserved 1048576K
Event: 48.822 GC heap after
Heap after GC invocations=13 (full 3):
 PSYoungGen      total 242176K, used 22013K [0x00000000e0000000, 0x00000000f1100000, 0x0000000100000000)
  eden space 220160K, 0% used [0x00000000e0000000,0x00000000e0000000,0x00000000ed700000)
  from space 22016K, 99% used [0x00000000ef300000,0x00000000f087f5a8,0x00000000f0880000)
  to   space 28672K, 0% used [0x00000000ed700000,0x00000000ed700000,0x00000000ef300000)
 ParOldGen       total 207360K, used 44040K [0x00000000a0000000, 0x00000000aca80000, 0x00000000e0000000)
  object space 207360K, 21% used [0x00000000a0000000,0x00000000a2b02080,0x00000000aca80000)
 Metaspace       used 67658K, capacity 69988K, committed 70168K, reserved 1110016K
  class space    used 8938K, capacity 9441K, committed 9520K, reserved 1048576K
}
Event: 429.018 GC heap before
{Heap before GC invocations=14 (full 3):
 PSYoungGen      total 242176K, used 242173K [0x00000000e0000000, 0x00000000f1100000, 0x0000000100000000)
  eden space 220160K, 100% used [0x00000000e0000000,0x00000000ed700000,0x00000000ed700000)
  from space 22016K, 99% used [0x00000000ef300000,0x00000000f087f5a8,0x00000000f0880000)
  to   space 28672K, 0% used [0x00000000ed700000,0x00000000ed700000,0x00000000ef300000)
 ParOldGen       total 207360K, used 44040K [0x00000000a0000000, 0x00000000aca80000, 0x00000000e0000000)
  object space 207360K, 21% used [0x00000000a0000000,0x00000000a2b02080,0x00000000aca80000)
 Metaspace       used 82570K, capacity 85952K, committed 86168K, reserved 1124352K
  class space    used 10959K, capacity 11665K, committed 11696K, reserved 1048576K
Event: 429.074 GC heap after
Heap after GC invocations=14 (full 3):
 PSYoungGen      total 248832K, used 28640K [0x00000000e0000000, 0x00000000f2e80000, 0x0000000100000000)
  eden space 220160K, 0% used [0x00000000e0000000,0x00000000e0000000,0x00000000ed700000)
  from space 28672K, 99% used [0x00000000ed700000,0x00000000ef2f81a8,0x00000000ef300000)
  to   space 34816K, 0% used [0x00000000f0c80000,0x00000000f0c80000,0x00000000f2e80000)
 ParOldGen       total 207360K, used 50544K [0x00000000a0000000, 0x00000000aca80000, 0x00000000e0000000)
  object space 207360K, 24% used [0x00000000a0000000,0x00000000a315c310,0x00000000aca80000)
 Metaspace       used 82570K, capacity 85952K, committed 86168K, reserved 1124352K
  class space    used 10959K, capacity 11665K, committed 11696K, reserved 1048576K
}
Event: 431.678 GC heap before
{Heap before GC invocations=15 (full 3):
 PSYoungGen      total 248832K, used 172818K [0x00000000e0000000, 0x00000000f2e80000, 0x0000000100000000)
  eden space 220160K, 65% used [0x00000000e0000000,0x00000000e8ccc948,0x00000000ed700000)
  from space 28672K, 99% used [0x00000000ed700000,0x00000000ef2f81a8,0x00000000ef300000)
  to   space 34816K, 0% used [0x00000000f0c80000,0x00000000f0c80000,0x00000000f2e80000)
 ParOldGen       total 207360K, used 50544K [0x00000000a0000000, 0x00000000aca80000, 0x00000000e0000000)
  object space 207360K, 24% used [0x00000000a0000000,0x00000000a315c310,0x00000000aca80000)
 Metaspace       used 94584K, capacity 98474K, committed 98600K, reserved 1134592K
  class space    used 12579K, capacity 13402K, committed 13488K, reserved 1048576K
Event: 431.743 GC heap after
Heap after GC invocations=15 (full 3):
 PSYoungGen      total 263168K, used 34798K [0x00000000e0000000, 0x00000000f4e80000, 0x0000000100000000)
  eden space 228352K, 0% used [0x00000000e0000000,0x00000000e0000000,0x00000000edf00000)
  from space 34816K, 99% used [0x00000000f0c80000,0x00000000f2e7bb48,0x00000000f2e80000)
  to   space 46592K, 0% used [0x00000000edf00000,0x00000000edf00000,0x00000000f0c80000)
 ParOldGen       total 207360K, used 68481K [0x00000000a0000000, 0x00000000aca80000, 0x00000000e0000000)
  object space 207360K, 33% used [0x00000000a0000000,0x00000000a42e06e8,0x00000000aca80000)
 Metaspace       used 94584K, capacity 98474K, committed 98600K, reserved 1134592K
  class space    used 12579K, capacity 13402K, committed 13488K, reserved 1048576K
}
Event: 431.743 GC heap before
{Heap before GC invocations=16 (full 4):
 PSYoungGen      total 263168K, used 34798K [0x00000000e0000000, 0x00000000f4e80000, 0x0000000100000000)
  eden space 228352K, 0% used [0x00000000e0000000,0x00000000e0000000,0x00000000edf00000)
  from space 34816K, 99% used [0x00000000f0c80000,0x00000000f2e7bb48,0x00000000f2e80000)
  to   space 46592K, 0% used [0x00000000edf00000,0x00000000edf00000,0x00000000f0c80000)
 ParOldGen       total 207360K, used 68481K [0x00000000a0000000, 0x00000000aca80000, 0x00000000e0000000)
  object space 207360K, 33% used [0x00000000a0000000,0x00000000a42e06e8,0x00000000aca80000)
 Metaspace       used 94584K, capacity 98474K, committed 98600K, reserved 1134592K
  class space    used 12579K, capacity 13402K, committed 13488K, reserved 1048576K
Event: 432.113 GC heap after
Heap after GC invocations=16 (full 4):
 PSYoungGen      total 263168K, used 0K [0x00000000e0000000, 0x00000000f4e80000, 0x0000000100000000)
  eden space 228352K, 0% used [0x00000000e0000000,0x00000000e0000000,0x00000000edf00000)
  from space 34816K, 0% used [0x00000000f0c80000,0x00000000f0c80000,0x00000000f2e80000)
  to   space 46592K, 0% used [0x00000000edf00000,0x00000000edf00000,0x00000000f0c80000)
 ParOldGen       total 207360K, used 75178K [0x00000000a0000000, 0x00000000aca80000, 0x00000000e0000000)
  object space 207360K, 36% used [0x00000000a0000000,0x00000000a496aaf0,0x00000000aca80000)
 Metaspace       used 94529K, capacity 98320K, committed 98600K, reserved 1134592K
  class space    used 12561K, capacity 13369K, committed 13488K, reserved 1048576K
}

