# JRE version: OpenJDK Runtime Environment (8.0_152-b01) (build 1.8.0_152-release-1343-b01)
# Java VM: OpenJDK 64-Bit Server VM (25.152-b01 mixed mode windows-amd64 compressed oops)
Heap:
 PSYoungGen      total 293376K, used 49499K [0x00000000e0000000, 0x00000000f5f00000, 0x0000000100000000)
  eden space 261120K, 9% used [0x00000000e0000000,0x00000000e17fd9c0,0x00000000eff00000)
  from space 32256K, 77% used [0x00000000eff00000,0x00000000f1759458,0x00000000f1e80000)
  to   space 33792K, 0% used [0x00000000f3e00000,0x00000000f3e00000,0x00000000f5f00000)
 ParOldGen       total 308224K, used 45468K [0x00000000a0000000, 0x00000000b2d00000, 0x00000000e0000000)
  object space 308224K, 14% used [0x00000000a0000000,0x00000000a2c673e0,0x00000000b2d00000)
 Metaspace       used 121086K, capacity 126772K, committed 127144K, reserved 1159168K
  class space    used 16044K, capacity 17201K, committed 17328K, reserved 1048576K
GC Heap History (10 events):
Event: 160.005 GC heap before
{Heap before GC invocations=15 (full 3):
 PSYoungGen      total 238592K, used 85044K [0x00000000e0000000, 0x00000000f2400000, 0x0000000100000000)
  eden space 210432K, 27% used [0x00000000e0000000,0x00000000e3790df0,0x00000000ecd80000)
  from space 28160K, 99% used [0x00000000ecd80000,0x00000000ee8fc4c8,0x00000000ee900000)
  to   space 33792K, 0% used [0x00000000f0300000,0x00000000f0300000,0x00000000f2400000)
 ParOldGen       total 216064K, used 41176K [0x00000000a0000000, 0x00000000ad300000, 0x00000000e0000000)
  object space 216064K, 19% used [0x00000000a0000000,0x00000000a2836128,0x00000000ad300000)
 Metaspace       used 94687K, capacity 98456K, committed 98600K, reserved 1134592K
  class space    used 12479K, capacity 13241K, committed 13360K, reserved 1048576K
Event: 160.037 GC heap after
Heap after GC invocations=15 (full 3):
 PSYoungGen      total 266752K, used 14137K [0x00000000e0000000, 0x00000000f2900000, 0x0000000100000000)
  eden space 232960K, 0% used [0x00000000e0000000,0x00000000e0000000,0x00000000ee380000)
  from space 33792K, 41% used [0x00000000f0300000,0x00000000f10ce7c8,0x00000000f2400000)
  to   space 32256K, 0% used [0x00000000ee380000,0x00000000ee380000,0x00000000f0300000)
 ParOldGen       total 216064K, used 49760K [0x00000000a0000000, 0x00000000ad300000, 0x00000000e0000000)
  object space 216064K, 23% used [0x00000000a0000000,0x00000000a30983e0,0x00000000ad300000)
 Metaspace       used 94687K, capacity 98456K, committed 98600K, reserved 1134592K
  class space    used 12479K, capacity 13241K, committed 13360K, reserved 1048576K
}
Event: 160.037 GC heap before
{Heap before GC invocations=16 (full 4):
 PSYoungGen      total 266752K, used 14137K [0x00000000e0000000, 0x00000000f2900000, 0x0000000100000000)
  eden space 232960K, 0% used [0x00000000e0000000,0x00000000e0000000,0x00000000ee380000)
  from space 33792K, 41% used [0x00000000f0300000,0x00000000f10ce7c8,0x00000000f2400000)
  to   space 32256K, 0% used [0x00000000ee380000,0x00000000ee380000,0x00000000f0300000)
 ParOldGen       total 216064K, used 49760K [0x00000000a0000000, 0x00000000ad300000, 0x00000000e0000000)
  object space 216064K, 23% used [0x00000000a0000000,0x00000000a30983e0,0x00000000ad300000)
 Metaspace       used 94687K, capacity 98456K, committed 98600K, reserved 1134592K
  class space    used 12479K, capacity 13241K, committed 13360K, reserved 1048576K
Event: 160.326 GC heap after
Heap after GC invocations=16 (full 4):
 PSYoungGen      total 266752K, used 0K [0x00000000e0000000, 0x00000000f2900000, 0x0000000100000000)
  eden space 232960K, 0% used [0x00000000e0000000,0x00000000e0000000,0x00000000ee380000)
  from space 33792K, 0% used [0x00000000f0300000,0x00000000f0300000,0x00000000f2400000)
  to   space 32256K, 0% used [0x00000000ee380000,0x00000000ee380000,0x00000000f0300000)
 ParOldGen       total 308224K, used 45444K [0x00000000a0000000, 0x00000000b2d00000, 0x00000000e0000000)
  object space 308224K, 14% used [0x00000000a0000000,0x00000000a2c613e0,0x00000000b2d00000)
 Metaspace       used 94651K, capacity 98350K, committed 98600K, reserved 1134592K
  class space    used 12469K, capacity 13222K, committed 13360K, reserved 1048576K
}
Event: 164.759 GC heap before
{Heap before GC invocations=17 (full 4):
 PSYoungGen      total 266752K, used 232960K [0x00000000e0000000, 0x00000000f2900000, 0x0000000100000000)
  eden space 232960K, 100% used [0x00000000e0000000,0x00000000ee380000,0x00000000ee380000)
  from space 33792K, 0% used [0x00000000f0300000,0x00000000f0300000,0x00000000f2400000)
  to   space 32256K, 0% used [0x00000000ee380000,0x00000000ee380000,0x00000000f0300000)
 ParOldGen       total 308224K, used 45444K [0x00000000a0000000, 0x00000000b2d00000, 0x00000000e0000000)
  object space 308224K, 14% used [0x00000000a0000000,0x00000000a2c613e0,0x00000000b2d00000)
 Metaspace       used 105976K, capacity 110424K, committed 110760K, reserved 1144832K
  class space    used 14025K, capacity 14923K, committed 15024K, reserved 1048576K
Event: 164.783 GC heap after
Heap after GC invocations=17 (full 4):
 PSYoungGen      total 265216K, used 15328K [0x00000000e0000000, 0x00000000f4180000, 0x0000000100000000)
  eden space 232960K, 0% used [0x00000000e0000000,0x00000000e0000000,0x00000000ee380000)
  from space 32256K, 47% used [0x00000000ee380000,0x00000000ef2783d8,0x00000000f0300000)
  to   space 30720K, 0% used [0x00000000f2380000,0x00000000f2380000,0x00000000f4180000)
 ParOldGen       total 308224K, used 45452K [0x00000000a0000000, 0x00000000b2d00000, 0x00000000e0000000)
  object space 308224K, 14% used [0x00000000a0000000,0x00000000a2c633e0,0x00000000b2d00000)
 Metaspace       used 105976K, capacity 110424K, committed 110760K, reserved 1144832K
  class space    used 14025K, capacity 14923K, committed 15024K, reserved 1048576K
}
Event: 265.200 GC heap before
{Heap before GC invocations=18 (full 4):
 PSYoungGen      total 265216K, used 248288K [0x00000000e0000000, 0x00000000f4180000, 0x0000000100000000)
  eden space 232960K, 100% used [0x00000000e0000000,0x00000000ee380000,0x00000000ee380000)
  from space 32256K, 47% used [0x00000000ee380000,0x00000000ef2783d8,0x00000000f0300000)
  to   space 30720K, 0% used [0x00000000f2380000,0x00000000f2380000,0x00000000f4180000)
 ParOldGen       total 308224K, used 45452K [0x00000000a0000000, 0x00000000b2d00000, 0x00000000e0000000)
  object space 308224K, 14% used [0x00000000a0000000,0x00000000a2c633e0,0x00000000b2d00000)
 Metaspace       used 109808K, capacity 114806K, committed 114856K, reserved 1148928K
  class space    used 14493K, capacity 15496K, committed 15536K, reserved 1048576K
Event: 265.235 GC heap after
Heap after GC invocations=18 (full 4):
 PSYoungGen      total 288256K, used 24044K [0x00000000e0000000, 0x00000000f3e00000, 0x0000000100000000)
  eden space 261120K, 0% used [0x00000000e0000000,0x00000000e0000000,0x00000000eff00000)
  from space 27136K, 88% used [0x00000000f2380000,0x00000000f3afb3c8,0x00000000f3e00000)
  to   space 32256K, 0% used [0x00000000eff00000,0x00000000eff00000,0x00000000f1e80000)
 ParOldGen       total 308224K, used 45460K [0x00000000a0000000, 0x00000000b2d00000, 0x00000000e0000000)
  object space 308224K, 14% used [0x00000000a0000000,0x00000000a2c653e0,0x00000000b2d00000)
 Metaspace       used 109808K, capacity 114806K, committed 114856K, reserved 1148928K
  class space    used 14493K, capacity 15496K, committed 15536K, reserved 1048576K
}
Event: 270.119 GC heap before
{Heap before GC invocations=19 (full 4):
 PSYoungGen      total 288256K, used 285164K [0x00000000e0000000, 0x00000000f3e00000, 0x0000000100000000)
  eden space 261120K, 100% used [0x00000000e0000000,0x00000000eff00000,0x00000000eff00000)
  from space 27136K, 88% used [0x00000000f2380000,0x00000000f3afb3c8,0x00000000f3e00000)
  to   space 32256K, 0% used [0x00000000eff00000,0x00000000eff00000,0x00000000f1e80000)
 ParOldGen       total 308224K, used 45460K [0x00000000a0000000, 0x00000000b2d00000, 0x00000000e0000000)
  object space 308224K, 14% used [0x00000000a0000000,0x00000000a2c653e0,0x00000000b2d00000)
 Metaspace       used 121035K, capacity 126748K, committed 126760K, reserved 1159168K
  class space    used 16042K, capacity 17197K, committed 17200K, reserved 1048576K
Event: 270.155 GC heap after
Heap after GC invocations=19 (full 4):
 PSYoungGen      total 293376K, used 24933K [0x00000000e0000000, 0x00000000f5f00000, 0x0000000100000000)
  eden space 261120K, 0% used [0x00000000e0000000,0x00000000e0000000,0x00000000eff00000)
  from space 32256K, 77% used [0x00000000eff00000,0x00000000f1759458,0x00000000f1e80000)
  to   space 33792K, 0% used [0x00000000f3e00000,0x00000000f3e00000,0x00000000f5f00000)
 ParOldGen       total 308224K, used 45468K [0x00000000a0000000, 0x00000000b2d00000, 0x00000000e0000000)
  object space 308224K, 14% used [0x00000000a0000000,0x00000000a2c673e0,0x00000000b2d00000)
 Metaspace       used 121035K, capacity 126748K, committed 126760K, reserved 1159168K
  class space    used 16042K, capacity 17197K, committed 17200K, reserved 1048576K
}

