# JRE version: OpenJDK Runtime Environment (8.0_152-b01) (build 1.8.0_152-release-1343-b01)
# Java VM: OpenJDK 64-Bit Server VM (25.152-b01 mixed mode windows-amd64 compressed oops)
Heap:
 PSYoungGen      total 382976K, used 25584K [0x00000000e0000000, 0x0000000100000000, 0x0000000100000000)
  eden space 343040K, 7% used [0x00000000e0000000,0x00000000e18fc3f0,0x00000000f4f00000)
  from space 39936K, 0% used [0x00000000f4f00000,0x00000000f4f00000,0x00000000f7600000)
  to   space 65536K, 0% used [0x00000000fc000000,0x00000000fc000000,0x0000000100000000)
 ParOldGen       total 205824K, used 69549K [0x00000000a0000000, 0x00000000ac900000, 0x00000000e0000000)
  object space 205824K, 33% used [0x00000000a0000000,0x00000000a43eb4a0,0x00000000ac900000)
 Metaspace       used 97737K, capacity 101680K, committed 102292K, reserved 1138688K
  class space    used 12587K, capacity 13357K, committed 13500K, reserved 1048576K
GC Heap History (10 events):
Event: 62.238 GC heap before
{Heap before GC invocations=19 (full 3):
 PSYoungGen      total 332288K, used 332273K [0x00000000e0000000, 0x00000000f9d00000, 0x0000000100000000)
  eden space 297472K, 100% used [0x00000000e0000000,0x00000000f2280000,0x00000000f2280000)
  from space 34816K, 99% used [0x00000000f2280000,0x00000000f447c790,0x00000000f4480000)
  to   space 39936K, 0% used [0x00000000f7600000,0x00000000f7600000,0x00000000f9d00000)
 ParOldGen       total 205824K, used 93250K [0x00000000a0000000, 0x00000000ac900000, 0x00000000e0000000)
  object space 205824K, 45% used [0x00000000a0000000,0x00000000a5b10aa0,0x00000000ac900000)
 Metaspace       used 81478K, capacity 84852K, committed 85140K, reserved 1124352K
  class space    used 10438K, capacity 11095K, committed 11196K, reserved 1048576K
Event: 62.275 GC heap after
Heap after GC invocations=19 (full 3):
 PSYoungGen      total 382976K, used 24492K [0x00000000e0000000, 0x00000000f9d80000, 0x0000000100000000)
  eden space 343040K, 0% used [0x00000000e0000000,0x00000000e0000000,0x00000000f4f00000)
  from space 39936K, 61% used [0x00000000f7600000,0x00000000f8deb0f8,0x00000000f9d00000)
  to   space 39936K, 0% used [0x00000000f4f00000,0x00000000f4f00000,0x00000000f7600000)
 ParOldGen       total 205824K, used 103118K [0x00000000a0000000, 0x00000000ac900000, 0x00000000e0000000)
  object space 205824K, 50% used [0x00000000a0000000,0x00000000a64b39c0,0x00000000ac900000)
 Metaspace       used 81478K, capacity 84852K, committed 85140K, reserved 1124352K
  class space    used 10438K, capacity 11095K, committed 11196K, reserved 1048576K
}
Event: 64.661 GC heap before
{Heap before GC invocations=20 (full 3):
 PSYoungGen      total 382976K, used 367532K [0x00000000e0000000, 0x00000000f9d80000, 0x0000000100000000)
  eden space 343040K, 100% used [0x00000000e0000000,0x00000000f4f00000,0x00000000f4f00000)
  from space 39936K, 61% used [0x00000000f7600000,0x00000000f8deb0f8,0x00000000f9d00000)
  to   space 39936K, 0% used [0x00000000f4f00000,0x00000000f4f00000,0x00000000f7600000)
 ParOldGen       total 205824K, used 103118K [0x00000000a0000000, 0x00000000ac900000, 0x00000000e0000000)
  object space 205824K, 50% used [0x00000000a0000000,0x00000000a64b39c0,0x00000000ac900000)
 Metaspace       used 81549K, capacity 84952K, committed 85140K, reserved 1124352K
  class space    used 10442K, capacity 11099K, committed 11196K, reserved 1048576K
Event: 64.749 GC heap after
Heap after GC invocations=20 (full 3):
 PSYoungGen      total 382976K, used 39923K [0x00000000e0000000, 0x00000000f9d80000, 0x0000000100000000)
  eden space 343040K, 0% used [0x00000000e0000000,0x00000000e0000000,0x00000000f4f00000)
  from space 39936K, 99% used [0x00000000f4f00000,0x00000000f75fcf98,0x00000000f7600000)
  to   space 39936K, 0% used [0x00000000f7600000,0x00000000f7600000,0x00000000f9d00000)
 ParOldGen       total 205824K, used 122428K [0x00000000a0000000, 0x00000000ac900000, 0x00000000e0000000)
  object space 205824K, 59% used [0x00000000a0000000,0x00000000a778f110,0x00000000ac900000)
 Metaspace       used 81549K, capacity 84952K, committed 85140K, reserved 1124352K
  class space    used 10442K, capacity 11099K, committed 11196K, reserved 1048576K
}
Event: 173.225 GC heap before
{Heap before GC invocations=21 (full 3):
 PSYoungGen      total 382976K, used 382963K [0x00000000e0000000, 0x00000000f9d80000, 0x0000000100000000)
  eden space 343040K, 100% used [0x00000000e0000000,0x00000000f4f00000,0x00000000f4f00000)
  from space 39936K, 99% used [0x00000000f4f00000,0x00000000f75fcf98,0x00000000f7600000)
  to   space 39936K, 0% used [0x00000000f7600000,0x00000000f7600000,0x00000000f9d00000)
 ParOldGen       total 205824K, used 122428K [0x00000000a0000000, 0x00000000ac900000, 0x00000000e0000000)
  object space 205824K, 59% used [0x00000000a0000000,0x00000000a778f110,0x00000000ac900000)
 Metaspace       used 93629K, capacity 97664K, committed 97812K, reserved 1134592K
  class space    used 12043K, capacity 12845K, committed 12860K, reserved 1048576K
Event: 173.316 GC heap after
Heap after GC invocations=21 (full 3):
 PSYoungGen      total 382976K, used 39910K [0x00000000e0000000, 0x00000000f9d80000, 0x0000000100000000)
  eden space 343040K, 0% used [0x00000000e0000000,0x00000000e0000000,0x00000000f4f00000)
  from space 39936K, 99% used [0x00000000f7600000,0x00000000f9cf99e0,0x00000000f9d00000)
  to   space 39936K, 0% used [0x00000000f4f00000,0x00000000f4f00000,0x00000000f7600000)
 ParOldGen       total 205824K, used 148213K [0x00000000a0000000, 0x00000000ac900000, 0x00000000e0000000)
  object space 205824K, 72% used [0x00000000a0000000,0x00000000a90bd5c0,0x00000000ac900000)
 Metaspace       used 93629K, capacity 97664K, committed 97812K, reserved 1134592K
  class space    used 12043K, capacity 12845K, committed 12860K, reserved 1048576K
}
Event: 173.374 GC heap before
{Heap before GC invocations=22 (full 3):
 PSYoungGen      total 382976K, used 47557K [0x00000000e0000000, 0x00000000f9d80000, 0x0000000100000000)
  eden space 343040K, 2% used [0x00000000e0000000,0x00000000e0777c28,0x00000000f4f00000)
  from space 39936K, 99% used [0x00000000f7600000,0x00000000f9cf99e0,0x00000000f9d00000)
  to   space 39936K, 0% used [0x00000000f4f00000,0x00000000f4f00000,0x00000000f7600000)
 ParOldGen       total 205824K, used 148213K [0x00000000a0000000, 0x00000000ac900000, 0x00000000e0000000)
  object space 205824K, 72% used [0x00000000a0000000,0x00000000a90bd5c0,0x00000000ac900000)
 Metaspace       used 94209K, capacity 98262K, committed 98380K, reserved 1134592K
  class space    used 12125K, capacity 12914K, committed 12988K, reserved 1048576K
Event: 173.435 GC heap after
Heap after GC invocations=22 (full 3):
 PSYoungGen      total 382976K, used 39433K [0x00000000e0000000, 0x0000000100000000, 0x0000000100000000)
  eden space 343040K, 0% used [0x00000000e0000000,0x00000000e0000000,0x00000000f4f00000)
  from space 39936K, 98% used [0x00000000f4f00000,0x00000000f75827f8,0x00000000f7600000)
  to   space 65536K, 0% used [0x00000000fc000000,0x00000000fc000000,0x0000000100000000)
 ParOldGen       total 205824K, used 149545K [0x00000000a0000000, 0x00000000ac900000, 0x00000000e0000000)
  object space 205824K, 72% used [0x00000000a0000000,0x00000000a920a640,0x00000000ac900000)
 Metaspace       used 94209K, capacity 98262K, committed 98380K, reserved 1134592K
  class space    used 12125K, capacity 12914K, committed 12988K, reserved 1048576K
}
Event: 173.435 GC heap before
{Heap before GC invocations=23 (full 4):
 PSYoungGen      total 382976K, used 39433K [0x00000000e0000000, 0x0000000100000000, 0x0000000100000000)
  eden space 343040K, 0% used [0x00000000e0000000,0x00000000e0000000,0x00000000f4f00000)
  from space 39936K, 98% used [0x00000000f4f00000,0x00000000f75827f8,0x00000000f7600000)
  to   space 65536K, 0% used [0x00000000fc000000,0x00000000fc000000,0x0000000100000000)
 ParOldGen       total 205824K, used 149545K [0x00000000a0000000, 0x00000000ac900000, 0x00000000e0000000)
  object space 205824K, 72% used [0x00000000a0000000,0x00000000a920a640,0x00000000ac900000)
 Metaspace       used 94209K, capacity 98262K, committed 98380K, reserved 1134592K
  class space    used 12125K, capacity 12914K, committed 12988K, reserved 1048576K
Event: 173.772 GC heap after
Heap after GC invocations=23 (full 4):
 PSYoungGen      total 382976K, used 0K [0x00000000e0000000, 0x0000000100000000, 0x0000000100000000)
  eden space 343040K, 0% used [0x00000000e0000000,0x00000000e0000000,0x00000000f4f00000)
  from space 39936K, 0% used [0x00000000f4f00000,0x00000000f4f00000,0x00000000f7600000)
  to   space 65536K, 0% used [0x00000000fc000000,0x00000000fc000000,0x0000000100000000)
 ParOldGen       total 205824K, used 69549K [0x00000000a0000000, 0x00000000ac900000, 0x00000000e0000000)
  object space 205824K, 33% used [0x00000000a0000000,0x00000000a43eb4a0,0x00000000ac900000)
 Metaspace       used 94021K, capacity 97818K, committed 98380K, reserved 1134592K
  class space    used 12060K, capacity 12800K, committed 12988K, reserved 1048576K
}

