# JRE version: OpenJDK Runtime Environment (8.0_152-b01) (build 1.8.0_152-release-1343-b01)
# Java VM: OpenJDK 64-Bit Server VM (25.152-b01 mixed mode windows-amd64 compressed oops)
Heap:
 PSYoungGen      total 255488K, used 136385K [0x00000000e0000000, 0x00000000f3480000, 0x0000000100000000)
  eden space 208896K, 53% used [0x00000000e0000000,0x00000000e6d8a1a8,0x00000000ecc00000)
  from space 46592K, 51% used [0x00000000ecc00000,0x00000000ee3a63c0,0x00000000ef980000)
  to   space 44032K, 0% used [0x00000000f0980000,0x00000000f0980000,0x00000000f3480000)
 ParOldGen       total 221184K, used 73827K [0x00000000a0000000, 0x00000000ad800000, 0x00000000e0000000)
  object space 221184K, 33% used [0x00000000a0000000,0x00000000a4818d00,0x00000000ad800000)
 Metaspace       used 112490K, capacity 117238K, committed 117504K, reserved 1150976K
  class space    used 14448K, capacity 15455K, committed 15616K, reserved 1048576K
GC Heap History (10 events):
Event: 2283.933 GC heap before
{Heap before GC invocations=19 (full 4):
 PSYoungGen      total 222208K, used 182784K [0x00000000e0000000, 0x00000000f3280000, 0x0000000100000000)
  eden space 182784K, 100% used [0x00000000e0000000,0x00000000eb280000,0x00000000eb280000)
  from space 39424K, 0% used [0x00000000ee080000,0x00000000ee080000,0x00000000f0700000)
  to   space 47104K, 0% used [0x00000000eb280000,0x00000000eb280000,0x00000000ee080000)
 ParOldGen       total 221184K, used 73795K [0x00000000a0000000, 0x00000000ad800000, 0x00000000e0000000)
  object space 221184K, 33% used [0x00000000a0000000,0x00000000a4810d00,0x00000000ad800000)
 Metaspace       used 102881K, capacity 106760K, committed 107392K, reserved 1142784K
  class space    used 13251K, capacity 14100K, committed 14208K, reserved 1048576K
Event: 2283.963 GC heap after
Heap after GC invocations=19 (full 4):
 PSYoungGen      total 229888K, used 31443K [0x00000000e0000000, 0x00000000f2c00000, 0x0000000100000000)
  eden space 182784K, 0% used [0x00000000e0000000,0x00000000e0000000,0x00000000eb280000)
  from space 47104K, 66% used [0x00000000eb280000,0x00000000ed134e70,0x00000000ee080000)
  to   space 48128K, 0% used [0x00000000efd00000,0x00000000efd00000,0x00000000f2c00000)
 ParOldGen       total 221184K, used 73803K [0x00000000a0000000, 0x00000000ad800000, 0x00000000e0000000)
  object space 221184K, 33% used [0x00000000a0000000,0x00000000a4812d00,0x00000000ad800000)
 Metaspace       used 102881K, capacity 106760K, committed 107392K, reserved 1142784K
  class space    used 13251K, capacity 14100K, committed 14208K, reserved 1048576K
}
Event: 2289.072 GC heap before
{Heap before GC invocations=20 (full 4):
 PSYoungGen      total 229888K, used 214227K [0x00000000e0000000, 0x00000000f2c00000, 0x0000000100000000)
  eden space 182784K, 100% used [0x00000000e0000000,0x00000000eb280000,0x00000000eb280000)
  from space 47104K, 66% used [0x00000000eb280000,0x00000000ed134e70,0x00000000ee080000)
  to   space 48128K, 0% used [0x00000000efd00000,0x00000000efd00000,0x00000000f2c00000)
 ParOldGen       total 221184K, used 73803K [0x00000000a0000000, 0x00000000ad800000, 0x00000000e0000000)
  object space 221184K, 33% used [0x00000000a0000000,0x00000000a4812d00,0x00000000ad800000)
 Metaspace       used 107730K, capacity 112212K, committed 112512K, reserved 1146880K
  class space    used 13879K, capacity 14802K, committed 14976K, reserved 1048576K
Event: 2289.104 GC heap after
Heap after GC invocations=20 (full 4):
 PSYoungGen      total 251904K, used 17318K [0x00000000e0000000, 0x00000000f2700000, 0x0000000100000000)
  eden space 208896K, 0% used [0x00000000e0000000,0x00000000e0000000,0x00000000ecc00000)
  from space 43008K, 40% used [0x00000000efd00000,0x00000000f0de9a20,0x00000000f2700000)
  to   space 46592K, 0% used [0x00000000ecc00000,0x00000000ecc00000,0x00000000ef980000)
 ParOldGen       total 221184K, used 73811K [0x00000000a0000000, 0x00000000ad800000, 0x00000000e0000000)
  object space 221184K, 33% used [0x00000000a0000000,0x00000000a4814d00,0x00000000ad800000)
 Metaspace       used 107730K, capacity 112212K, committed 112512K, reserved 1146880K
  class space    used 13879K, capacity 14802K, committed 14976K, reserved 1048576K
}
Event: 2290.799 GC heap before
{Heap before GC invocations=21 (full 4):
 PSYoungGen      total 251904K, used 226214K [0x00000000e0000000, 0x00000000f2700000, 0x0000000100000000)
  eden space 208896K, 100% used [0x00000000e0000000,0x00000000ecc00000,0x00000000ecc00000)
  from space 43008K, 40% used [0x00000000efd00000,0x00000000f0de9a20,0x00000000f2700000)
  to   space 46592K, 0% used [0x00000000ecc00000,0x00000000ecc00000,0x00000000ef980000)
 ParOldGen       total 221184K, used 73811K [0x00000000a0000000, 0x00000000ad800000, 0x00000000e0000000)
  object space 221184K, 33% used [0x00000000a0000000,0x00000000a4814d00,0x00000000ad800000)
 Metaspace       used 107983K, capacity 112580K, committed 112768K, reserved 1146880K
  class space    used 13907K, capacity 14862K, committed 14976K, reserved 1048576K
Event: 2290.821 GC heap after
Heap after GC invocations=21 (full 4):
 PSYoungGen      total 255488K, used 16201K [0x00000000e0000000, 0x00000000f2700000, 0x0000000100000000)
  eden space 208896K, 0% used [0x00000000e0000000,0x00000000e0000000,0x00000000ecc00000)
  from space 46592K, 34% used [0x00000000ecc00000,0x00000000edbd2508,0x00000000ef980000)
  to   space 43008K, 0% used [0x00000000efd00000,0x00000000efd00000,0x00000000f2700000)
 ParOldGen       total 221184K, used 73819K [0x00000000a0000000, 0x00000000ad800000, 0x00000000e0000000)
  object space 221184K, 33% used [0x00000000a0000000,0x00000000a4816d00,0x00000000ad800000)
 Metaspace       used 107983K, capacity 112580K, committed 112768K, reserved 1146880K
  class space    used 13907K, capacity 14862K, committed 14976K, reserved 1048576K
}
Event: 2293.438 GC heap before
{Heap before GC invocations=22 (full 4):
 PSYoungGen      total 255488K, used 190278K [0x00000000e0000000, 0x00000000f2700000, 0x0000000100000000)
  eden space 208896K, 83% used [0x00000000e0000000,0x00000000ea9ff570,0x00000000ecc00000)
  from space 46592K, 34% used [0x00000000ecc00000,0x00000000edbd2508,0x00000000ef980000)
  to   space 43008K, 0% used [0x00000000efd00000,0x00000000efd00000,0x00000000f2700000)
 ParOldGen       total 221184K, used 73819K [0x00000000a0000000, 0x00000000ad800000, 0x00000000e0000000)
  object space 221184K, 33% used [0x00000000a0000000,0x00000000a4816d00,0x00000000ad800000)
 Metaspace       used 109328K, capacity 113938K, committed 114176K, reserved 1148928K
  class space    used 14051K, capacity 15007K, committed 15104K, reserved 1048576K
Event: 2293.480 GC heap after
Heap after GC invocations=22 (full 4):
 PSYoungGen      total 251904K, used 27985K [0x00000000e0000000, 0x00000000f2700000, 0x0000000100000000)
  eden space 208896K, 0% used [0x00000000e0000000,0x00000000e0000000,0x00000000ecc00000)
  from space 43008K, 65% used [0x00000000efd00000,0x00000000f1854670,0x00000000f2700000)
  to   space 46592K, 0% used [0x00000000ecc00000,0x00000000ecc00000,0x00000000ef980000)
 ParOldGen       total 221184K, used 73827K [0x00000000a0000000, 0x00000000ad800000, 0x00000000e0000000)
  object space 221184K, 33% used [0x00000000a0000000,0x00000000a4818d00,0x00000000ad800000)
 Metaspace       used 109328K, capacity 113938K, committed 114176K, reserved 1148928K
  class space    used 14051K, capacity 15007K, committed 15104K, reserved 1048576K
}
Event: 2340.315 GC heap before
{Heap before GC invocations=23 (full 4):
 PSYoungGen      total 251904K, used 236881K [0x00000000e0000000, 0x00000000f2700000, 0x0000000100000000)
  eden space 208896K, 100% used [0x00000000e0000000,0x00000000ecc00000,0x00000000ecc00000)
  from space 43008K, 65% used [0x00000000efd00000,0x00000000f1854670,0x00000000f2700000)
  to   space 46592K, 0% used [0x00000000ecc00000,0x00000000ecc00000,0x00000000ef980000)
 ParOldGen       total 221184K, used 73827K [0x00000000a0000000, 0x00000000ad800000, 0x00000000e0000000)
  object space 221184K, 33% used [0x00000000a0000000,0x00000000a4818d00,0x00000000ad800000)
 Metaspace       used 109539K, capacity 114312K, committed 114432K, reserved 1148928K
  class space    used 14069K, capacity 15026K, committed 15104K, reserved 1048576K
Event: 2340.357 GC heap after
Heap after GC invocations=23 (full 4):
 PSYoungGen      total 255488K, used 24216K [0x00000000e0000000, 0x00000000f3480000, 0x0000000100000000)
  eden space 208896K, 0% used [0x00000000e0000000,0x00000000e0000000,0x00000000ecc00000)
  from space 46592K, 51% used [0x00000000ecc00000,0x00000000ee3a63c0,0x00000000ef980000)
  to   space 44032K, 0% used [0x00000000f0980000,0x00000000f0980000,0x00000000f3480000)
 ParOldGen       total 221184K, used 73827K [0x00000000a0000000, 0x00000000ad800000, 0x00000000e0000000)
  object space 221184K, 33% used [0x00000000a0000000,0x00000000a4818d00,0x00000000ad800000)
 Metaspace       used 109539K, capacity 114312K, committed 114432K, reserved 1148928K
  class space    used 14069K, capacity 15026K, committed 15104K, reserved 1048576K
}

